<?xml version="1.0" encoding="UTF-8"?>
<!-- Generated by org.testng.reporters.JUnitXMLReporter -->
<testsuite hostname="localhost.localdomain" name="Test" tests="1" failures="0" timestamp="7 Sep 2019 02:04:43 GMT" time="45.395" errors="0">
  <testcase name="@BeforeClass testSetUp" time="0.0" classname="com.techbeamers.test.GoogleHomePageTitle">
    <failure type="org.openqa.selenium.WebDriverException" message="Failed to connect to binary FirefoxBinary(/usr/bin/firefox) on port 7055; process output follows: 
Failed to open connection to &amp;quot;session&amp;quot; message bus: Unable to autolaunch a dbus-daemon without a $DISPLAY for X11
Running without a11y support!
Error: no DISPLAY environment variable specified

Build info: version: &amp;apos;2.53.1&amp;apos;, revision: &amp;apos;a36b8b1cd5757287168e54b817830adce9b0158d&amp;apos;, time: &amp;apos;2016-06-30 19:26:09&amp;apos;
System info: host: &amp;apos;localhost.localdomain&amp;apos;, ip: &amp;apos;127.0.0.1&amp;apos;, os.name: &amp;apos;Linux&amp;apos;, os.arch: &amp;apos;amd64&amp;apos;, os.version: &amp;apos;3.10.0-693.el7.x86_64&amp;apos;, java.version: &amp;apos;1.8.0_212&amp;apos;
Driver info: driver.version: FirefoxDriver">
      <![CDATA[org.openqa.selenium.WebDriverException: Failed to connect to binary FirefoxBinary(/usr/bin/firefox) on port 7055; process output follows: 
Failed to open connection to "session" message bus: Unable to autolaunch a dbus-daemon without a $DISPLAY for X11
Running without a11y support!
Error: no DISPLAY environment variable specified

Build info: version: '2.53.1', revision: 'a36b8b1cd5757287168e54b817830adce9b0158d', time: '2016-06-30 19:26:09'
System info: host: 'localhost.localdomain', ip: '127.0.0.1', os.name: 'Linux', os.arch: 'amd64', os.version: '3.10.0-693.el7.x86_64', java.version: '1.8.0_212'
Driver info: driver.version: FirefoxDriver
	at org.openqa.selenium.firefox.internal.NewProfileExtensionConnection.start(NewProfileExtensionConnection.java:125)
	at org.openqa.selenium.firefox.FirefoxDriver.startClient(FirefoxDriver.java:271)
	at org.openqa.selenium.remote.RemoteWebDriver.<init>(RemoteWebDriver.java:119)
	at org.openqa.selenium.firefox.FirefoxDriver.<init>(FirefoxDriver.java:216)
	at org.openqa.selenium.firefox.FirefoxDriver.<init>(FirefoxDriver.java:211)
	at org.openqa.selenium.firefox.FirefoxDriver.<init>(FirefoxDriver.java:207)
	at org.openqa.selenium.firefox.FirefoxDriver.<init>(FirefoxDriver.java:120)
	at com.techbeamers.test.GoogleHomePageTitle.testSetUp(GoogleHomePageTitle.java:19)
Caused by: org.openqa.selenium.firefox.NotConnectedException: Unable to connect to host 127.0.0.1 on port 7055 after 45000 ms. Firefox console output:
Failed to open connection to "session" message bus: Unable to autolaunch a dbus-daemon without a $DISPLAY for X11
Running without a11y support!
Error: no DISPLAY environment variable specified

	at org.openqa.selenium.firefox.internal.NewProfileExtensionConnection.start(NewProfileExtensionConnection.java:113)
	... 34 more
... Removed 27 stack frames]]>
    </failure>
  </testcase> <!-- @BeforeClass testSetUp -->
  <testcase name="@AfterClass tearDown" time="0.0" classname="com.techbeamers.test.GoogleHomePageTitle">
    <skipped/>
  </testcase> <!-- @AfterClass tearDown -->
  <testcase name="verifyGooglePageTittle" time="0.001" classname="com.techbeamers.test.GoogleHomePageTitle">
    <skipped/>
  </testcase> <!-- verifyGooglePageTittle -->
</testsuite> <!-- Test -->
